2025-02-05 17:18:13,894 [INFO] Activator:176 - 


2025-02-05 17:18:13,900 [INFO] Activator:177 - !SESSION log4j initialized
2025-02-05 17:18:23,382 [INFO] LogOutputStream:77 - [STDOUT_REDIRECT] 
2025-02-05 17:18:26,353 [INFO] ApplicationProperties:184 - Using Application install path: C:\ST\STM32CubeIDE_1.17.0\STM32CubeIDE\plugins\com.st.stm32cube.common.mx_6.13.0.202411220809
2025-02-05 17:18:26,373 [INFO] DbMcusXml:78 - Set database path to: C:\ST\STM32CubeIDE_1.17.0\STM32CubeIDE\plugins\com.st.stm32cube.common.mx_6.13.0.202411220809\\db\/mcu/
2025-02-05 17:18:26,373 [INFO] ApiDb:274 - Set plugin database path to: C:\ST\STM32CubeIDE_1.17.0\STM32CubeIDE\plugins\com.st.stm32cube.common.mx_6.13.0.202411220809\\db\/plugins/boardmanager/
2025-02-05 17:18:26,374 [WARN] ApiDb:259 - Overriding images path with different value:  => C:\ST\STM32CubeIDE_1.17.0\STM32CubeIDE\plugins\com.st.stm32cube.common.mx_6.13.0.202411220809\\db\/plugins/mcufinder/images/
2025-02-05 17:18:26,386 [INFO] ApiDb:250 - Set database path to: C:\Users\zyadp\.stmcufinder\plugins\mcufinder//mcu/
2025-02-05 17:18:26,388 [INFO] DbMcusAds:125 - Set database path to: C:\Users\zyadp\.stmcufinder\plugins\mcufinder//mcu/
2025-02-05 17:18:26,390 [INFO] CrossReferenceDbSqlite:203 - Set database path to: C:\Users\zyadp\.stmcufinder\plugins\mcufinder//mcu/cs/
2025-02-05 17:18:26,601 [INFO] RulesReader:64 - Compatibility file has been processed (297 Rules)
2025-02-05 17:18:26,715 [INFO] DbMcusXml:78 - Set database path to: C:\ST\STM32CubeIDE_1.17.0\STM32CubeIDE\plugins\com.st.stm32cube.common.mx_6.13.0.202411220809\\db\/mcu/
2025-02-05 17:18:26,717 [INFO] ApiDb:274 - Set plugin database path to: C:\ST\STM32CubeIDE_1.17.0\STM32CubeIDE\plugins\com.st.stm32cube.common.mx_6.13.0.202411220809\\db\/plugins/boardmanager/
2025-02-05 17:18:26,717 [INFO] ApiDb:261 - Set plugin images path to: C:\ST\STM32CubeIDE_1.17.0\STM32CubeIDE\plugins\com.st.stm32cube.common.mx_6.13.0.202411220809\\db\/plugins/mcufinder/images/
2025-02-05 17:18:26,717 [WARN] DbFile:41 - Overriding database path with different value: C:\Users\zyadp\.stmcufinder\plugins\mcufinder/ => C:\Users\zyadp\.stmcufinder\plugins\mcufinder
2025-02-05 17:18:26,717 [INFO] ApiDb:250 - Set database path to: C:\Users\zyadp\.stmcufinder\plugins\mcufinder//mcu/
2025-02-05 17:18:26,718 [WARN] DbFile:41 - Overriding database path with different value: C:\Users\zyadp\.stmcufinder\plugins\mcufinder/ => C:\Users\zyadp\.stmcufinder\plugins\mcufinder
2025-02-05 17:18:26,718 [INFO] DbMcusAds:125 - Set database path to: C:\Users\zyadp\.stmcufinder\plugins\mcufinder//mcu/
2025-02-05 17:18:26,718 [WARN] DbFile:41 - Overriding database path with different value: C:\Users\zyadp\.stmcufinder\plugins\mcufinder/ => C:\Users\zyadp\.stmcufinder\plugins\mcufinder
2025-02-05 17:18:26,718 [WARN] DbFile:41 - Overriding database path with different value: C:\Users\zyadp\.stmcufinder\plugins\mcufinder/ => C:\Users\zyadp\.stmcufinder\plugins\mcufinder
2025-02-05 17:18:26,718 [INFO] CrossReferenceDbSqlite:203 - Set database path to: C:\Users\zyadp\.stmcufinder\plugins\mcufinder//mcu/cs/
2025-02-05 17:18:26,829 [INFO] MainPanel:272 - HeapMemory: 268435456
2025-02-05 17:18:26,963 [INFO] DbMcusXml:78 - Set database path to: C:\ST\STM32CubeIDE_1.17.0\STM32CubeIDE\plugins\com.st.stm32cube.common.mx_6.13.0.202411220809\\db\/mcu/
2025-02-05 17:18:26,963 [INFO] ApiDb:274 - Set plugin database path to: C:\ST\STM32CubeIDE_1.17.0\STM32CubeIDE\plugins\com.st.stm32cube.common.mx_6.13.0.202411220809\\db\/plugins/boardmanager/
2025-02-05 17:18:26,963 [INFO] ApiDb:261 - Set plugin images path to: C:\ST\STM32CubeIDE_1.17.0\STM32CubeIDE\plugins\com.st.stm32cube.common.mx_6.13.0.202411220809\\db\/plugins/mcufinder/images/
2025-02-05 17:18:26,964 [WARN] DbFile:41 - Overriding database path with different value: C:\Users\zyadp\.stmcufinder\plugins\mcufinder/ => C:\Users\zyadp\.stmcufinder\plugins\mcufinder
2025-02-05 17:18:26,964 [INFO] ApiDb:250 - Set database path to: C:\Users\zyadp\.stmcufinder\plugins\mcufinder//mcu/
2025-02-05 17:18:26,964 [WARN] DbFile:41 - Overriding database path with different value: C:\Users\zyadp\.stmcufinder\plugins\mcufinder/ => C:\Users\zyadp\.stmcufinder\plugins\mcufinder
2025-02-05 17:18:26,964 [INFO] DbMcusAds:125 - Set database path to: C:\Users\zyadp\.stmcufinder\plugins\mcufinder//mcu/
2025-02-05 17:18:26,964 [WARN] DbFile:41 - Overriding database path with different value: C:\Users\zyadp\.stmcufinder\plugins\mcufinder/ => C:\Users\zyadp\.stmcufinder\plugins\mcufinder
2025-02-05 17:18:26,964 [WARN] DbFile:41 - Overriding database path with different value: C:\Users\zyadp\.stmcufinder\plugins\mcufinder/ => C:\Users\zyadp\.stmcufinder\plugins\mcufinder
2025-02-05 17:18:26,964 [INFO] CrossReferenceDbSqlite:203 - Set database path to: C:\Users\zyadp\.stmcufinder\plugins\mcufinder//mcu/cs/
2025-02-05 17:18:26,985 [INFO] ApplicationProperties:184 - Using Application install path: C:\ST\STM32CubeIDE_1.17.0\STM32CubeIDE\plugins\com.st.stm32cube.common.mx_6.13.0.202411220809
2025-02-05 17:18:26,986 [INFO] PluginManage:196 - Search for loadable plugins [exclusion list=, ]
2025-02-05 17:18:26,988 [INFO] PluginManage:310 - Check plugin analytics
2025-02-05 17:18:27,363 [INFO] AnalyticsPlugin:253 - Accepted Software Licenses: 
2025-02-05 17:18:27,363 [INFO] AnalyticsPlugin:255 - Accepted CMSIS Pack Licenses: 
2025-02-05 17:18:27,363 [INFO] AnalyticsPlugin:257 - Accepted Firmware Licenses: FW.G4.1.6.0
2025-02-05 17:18:27,374 [INFO] PluginManage:359 - Loaded plugin analytics (category:tool,tabindex:-1)
2025-02-05 17:18:27,375 [INFO] PluginManage:310 - Check plugin cadmodel
2025-02-05 17:18:27,401 [INFO] CADModel:105 - Init CAD model plugin
2025-02-05 17:18:27,401 [INFO] PluginManage:359 - Loaded plugin cadmodel (category:power,tabindex:5)
2025-02-05 17:18:27,401 [INFO] PluginManage:310 - Check plugin clock
2025-02-05 17:18:27,424 [INFO] PluginManage:359 - Loaded plugin clock (category:base,tabindex:2)
2025-02-05 17:18:27,424 [INFO] PluginManage:310 - Check plugin ddr
2025-02-05 17:18:27,427 [INFO] PluginManage:359 - Loaded plugin ddr (category:tool,tabindex:6)
2025-02-05 17:18:27,427 [INFO] PluginManage:310 - Check plugin filemanager
2025-02-05 17:18:27,600 [INFO] PluginManage:359 - Loaded plugin filemanager (category:base,tabindex:10)
2025-02-05 17:18:27,600 [INFO] PluginManage:310 - Check plugin ipmanager
2025-02-05 17:18:27,637 [INFO] PluginManage:359 - Loaded plugin ipmanager (category:base,tabindex:5)
2025-02-05 17:18:27,639 [INFO] PluginManage:310 - Check plugin lpbam
2025-02-05 17:18:27,654 [INFO] PluginManage:359 - Loaded plugin lpbam (category:base,tabindex:0)
2025-02-05 17:18:27,654 [INFO] PluginManage:310 - Check plugin memorymap
2025-02-05 17:18:27,681 [INFO] PluginManage:359 - Loaded plugin memorymap (category:base,tabindex:4)
2025-02-05 17:18:27,681 [INFO] PluginManage:310 - Check plugin pinoutandconfiguration
2025-02-05 17:18:27,702 [INFO] PluginManage:359 - Loaded plugin pinoutandconfiguration (category:base,tabindex:1)
2025-02-05 17:18:27,703 [INFO] PluginManage:310 - Check plugin pinoutconfig
2025-02-05 17:18:27,847 [WARN] SupportedApi:132 - Cannot load RTOS API schema: s4s-elt-must-match.1: The content of 'definitions' must match (annotation?, (simpleType | complexType)?, (unique | key | keyref)*)). A problem was found starting at: attribute.
2025-02-05 17:18:28,032 [INFO] PluginManage:359 - Loaded plugin pinoutconfig (category:base,tabindex:0)
2025-02-05 17:18:28,032 [INFO] PluginManage:310 - Check plugin power
2025-02-05 17:18:28,061 [INFO] PluginManage:359 - Loaded plugin power (category:power,tabindex:4)
2025-02-05 17:18:28,061 [INFO] PluginManage:310 - Check plugin projectmanager
2025-02-05 17:18:28,088 [INFO] PluginManage:359 - Loaded plugin projectmanager (category:projectmanager,tabindex:4)
2025-02-05 17:18:28,088 [INFO] PluginManage:310 - Check plugin rif
2025-02-05 17:18:28,112 [INFO] PluginManage:359 - Loaded plugin rif (category:base,tabindex:3)
2025-02-05 17:18:28,112 [INFO] PluginManage:310 - Check plugin thirdparty
2025-02-05 17:18:28,457 [WARN] IntegrityCheckThread:84 - waiting for thirdparty lock release [integrity check]
2025-02-05 17:18:28,457 [INFO] PluginManage:359 - Loaded plugin thirdparty (category:base,tabindex:-1)
2025-02-05 17:18:28,457 [INFO] IntegrityCheckThread:86 - entering critical section [integrity check]
2025-02-05 17:18:28,457 [INFO] PluginManage:310 - Check plugin tools
2025-02-05 17:18:28,457 [INFO] ThirdPartyUpdaterWithRetryManager:70 - Updater plugin not ready yet. [1/15]
2025-02-05 17:18:28,523 [INFO] PluginManage:359 - Loaded plugin tools (category:base,tabindex:7)
2025-02-05 17:18:28,523 [INFO] PluginManage:310 - Check plugin tutovideos
2025-02-05 17:18:28,761 [INFO] PluginManage:359 - Loaded plugin tutovideos (category:base,tabindex:-1)
2025-02-05 17:18:28,761 [INFO] PluginManage:310 - Check plugin updater
2025-02-05 17:18:28,830 [INFO] PluginManage:359 - Loaded plugin updater (category:base,tabindex:12)
2025-02-05 17:18:28,830 [INFO] PluginManage:310 - Check plugin userauth
2025-02-05 17:18:28,840 [INFO] UserAuth:118 - Init User Auth plugin
2025-02-05 17:18:28,841 [INFO] PluginManage:359 - Loaded plugin userauth (category:base,tabindex:14)
2025-02-05 17:18:28,842 [INFO] PluginManage:283 - PluginManage : Loaded plugins [18]
2025-02-05 17:18:29,138 [INFO] PinOutPanel:1589 - setPackage(No Configuration,No Configuration)
2025-02-05 17:18:29,233 [INFO] CADModel:165 - CPN selected for project level
2025-02-05 17:18:29,234 [INFO] CADModel:114 - Register for checkConnection events
2025-02-05 17:18:29,258 [INFO] IPUIPlugin:80 - create IPUIPlugin
2025-02-05 17:18:29,259 [INFO] PluginManager:220 - loadIPPluginJar : add adc
2025-02-05 17:18:29,295 [INFO] IPUIPlugin:80 - create IPUIPlugin
2025-02-05 17:18:29,295 [INFO] PluginManager:220 - loadIPPluginJar : add aes
2025-02-05 17:18:29,372 [INFO] IPUIPlugin:80 - create IPUIPlugin
2025-02-05 17:18:29,373 [INFO] PluginManager:220 - loadIPPluginJar : add can
2025-02-05 17:18:29,434 [INFO] IPUIPlugin:80 - create IPUIPlugin
2025-02-05 17:18:29,435 [INFO] PluginManager:220 - loadIPPluginJar : add comp
2025-02-05 17:18:29,524 [INFO] IPUIPlugin:80 - create IPUIPlugin
2025-02-05 17:18:29,524 [INFO] PluginManager:220 - loadIPPluginJar : add cryp
2025-02-05 17:18:29,542 [INFO] IPUIPlugin:80 - create IPUIPlugin
2025-02-05 17:18:29,542 [INFO] PluginManager:220 - loadIPPluginJar : add ddr_ctrl_phy
2025-02-05 17:18:29,576 [INFO] IPUIPlugin:80 - create IPUIPlugin
2025-02-05 17:18:29,576 [INFO] PluginManager:220 - loadIPPluginJar : add dfsdm
2025-02-05 17:18:29,590 [INFO] IPUIPlugin:80 - create IPUIPlugin
2025-02-05 17:18:29,590 [INFO] PluginManager:220 - loadIPPluginJar : add dma
2025-02-05 17:18:29,624 [INFO] IPUIPlugin:80 - create IPUIPlugin
2025-02-05 17:18:29,625 [INFO] PluginManager:220 - loadIPPluginJar : add dma3
2025-02-05 17:18:29,765 [INFO] IPUIPlugin:80 - create IPUIPlugin
2025-02-05 17:18:29,766 [INFO] PluginManager:220 - loadIPPluginJar : add extmemmanager
2025-02-05 17:18:29,809 [INFO] IPUIPlugin:80 - create IPUIPlugin
2025-02-05 17:18:29,809 [INFO] PluginManager:220 - loadIPPluginJar : add fatfs
2025-02-05 17:18:29,946 [INFO] IPUIPlugin:80 - create IPUIPlugin
2025-02-05 17:18:29,947 [INFO] PluginManager:220 - loadIPPluginJar : add fmc
2025-02-05 17:18:29,989 [INFO] IPUIPlugin:80 - create IPUIPlugin
2025-02-05 17:18:29,989 [INFO] PluginManager:220 - loadIPPluginJar : add freertos
2025-02-05 17:18:30,014 [INFO] IPUIPlugin:80 - create IPUIPlugin
2025-02-05 17:18:30,014 [INFO] PluginManager:220 - loadIPPluginJar : add genericplugin
2025-02-05 17:18:30,166 [INFO] IPUIPlugin:80 - create IPUIPlugin
2025-02-05 17:18:30,166 [INFO] PluginManager:220 - loadIPPluginJar : add gfxmmu
2025-02-05 17:18:30,535 [INFO] IPUIPlugin:80 - create IPUIPlugin
2025-02-05 17:18:30,535 [INFO] PluginManager:220 - loadIPPluginJar : add gic
2025-02-05 17:18:30,569 [INFO] IPUIPlugin:80 - create IPUIPlugin
2025-02-05 17:18:30,569 [INFO] PluginManager:220 - loadIPPluginJar : add gpio
2025-02-05 17:18:30,848 [INFO] IPUIPlugin:80 - create IPUIPlugin
2025-02-05 17:18:30,848 [INFO] PluginManager:220 - loadIPPluginJar : add gtzc
2025-02-05 17:18:30,924 [INFO] IPUIPlugin:80 - create IPUIPlugin
2025-02-05 17:18:30,925 [INFO] PluginManager:220 - loadIPPluginJar : add hash
2025-02-05 17:18:31,137 [INFO] IPUIPlugin:80 - create IPUIPlugin
2025-02-05 17:18:31,137 [INFO] PluginManager:220 - loadIPPluginJar : add i2c
2025-02-05 17:18:31,293 [INFO] IPUIPlugin:80 - create IPUIPlugin
2025-02-05 17:18:31,293 [INFO] PluginManager:220 - loadIPPluginJar : add i2s
2025-02-05 17:18:31,400 [INFO] IPUIPlugin:80 - create IPUIPlugin
2025-02-05 17:18:31,401 [INFO] PluginManager:220 - loadIPPluginJar : add i3c
2025-02-05 17:18:31,469 [INFO] ThirdPartyUpdaterWithRetryManager:70 - Updater plugin not ready yet. [2/15]
2025-02-05 17:18:31,596 [INFO] IPUIPlugin:80 - create IPUIPlugin
2025-02-05 17:18:31,597 [INFO] PluginManager:220 - loadIPPluginJar : add ipddr
2025-02-05 17:18:31,776 [INFO] IPUIPlugin:80 - create IPUIPlugin
2025-02-05 17:18:31,777 [INFO] PluginManager:220 - loadIPPluginJar : add linkedlist
2025-02-05 17:18:31,814 [INFO] IPUIPlugin:80 - create IPUIPlugin
2025-02-05 17:18:31,816 [INFO] PluginManager:220 - loadIPPluginJar : add lorawan
2025-02-05 17:18:31,902 [INFO] IPUIPlugin:80 - create IPUIPlugin
2025-02-05 17:18:31,902 [INFO] PluginManager:220 - loadIPPluginJar : add ltdc
2025-02-05 17:18:31,927 [INFO] IPUIPlugin:80 - create IPUIPlugin
2025-02-05 17:18:31,927 [INFO] PluginManager:220 - loadIPPluginJar : add mdma
2025-02-05 17:18:31,949 [INFO] IPUIPlugin:80 - create IPUIPlugin
2025-02-05 17:18:31,949 [INFO] PluginManager:220 - loadIPPluginJar : add nvic
2025-02-05 17:18:32,022 [INFO] IPUIPlugin:80 - create IPUIPlugin
2025-02-05 17:18:32,022 [INFO] PluginManager:220 - loadIPPluginJar : add opamp
2025-02-05 17:18:32,229 [INFO] IPUIPlugin:80 - create IPUIPlugin
2025-02-05 17:18:32,230 [INFO] PluginManager:220 - loadIPPluginJar : add openamp
2025-02-05 17:18:32,320 [INFO] IPUIPlugin:80 - create IPUIPlugin
2025-02-05 17:18:32,321 [INFO] PluginManager:220 - loadIPPluginJar : add pdm2pcm
2025-02-05 17:18:32,337 [INFO] IPUIPlugin:80 - create IPUIPlugin
2025-02-05 17:18:32,339 [INFO] PluginManager:220 - loadIPPluginJar : add plateformsettings
2025-02-05 17:18:32,361 [INFO] IPUIPlugin:80 - create IPUIPlugin
2025-02-05 17:18:32,362 [INFO] PluginManager:220 - loadIPPluginJar : add quadspi
2025-02-05 17:18:32,385 [INFO] IPUIPlugin:80 - create IPUIPlugin
2025-02-05 17:18:32,386 [INFO] PluginManager:220 - loadIPPluginJar : add radio
2025-02-05 17:18:32,399 [INFO] IPUIPlugin:80 - create IPUIPlugin
2025-02-05 17:18:32,399 [INFO] PluginManager:220 - loadIPPluginJar : add resmgrutility
2025-02-05 17:18:32,436 [INFO] IPUIPlugin:80 - create IPUIPlugin
2025-02-05 17:18:32,437 [INFO] PluginManager:220 - loadIPPluginJar : add sai
2025-02-05 17:18:32,528 [INFO] IPUIPlugin:80 - create IPUIPlugin
2025-02-05 17:18:32,528 [INFO] PluginManager:220 - loadIPPluginJar : add spi
2025-02-05 17:18:32,733 [INFO] IPUIPlugin:80 - create IPUIPlugin
2025-02-05 17:18:32,734 [INFO] PluginManager:220 - loadIPPluginJar : add stm32_wpan
2025-02-05 17:18:32,778 [INFO] IPUIPlugin:80 - create IPUIPlugin
2025-02-05 17:18:32,778 [INFO] PluginManager:220 - loadIPPluginJar : add tim
2025-02-05 17:18:32,951 [INFO] IPUIPlugin:80 - create IPUIPlugin
2025-02-05 17:18:32,951 [INFO] PluginManager:220 - loadIPPluginJar : add touchsensing
2025-02-05 17:18:33,005 [INFO] IPUIPlugin:80 - create IPUIPlugin
2025-02-05 17:18:33,005 [INFO] PluginManager:220 - loadIPPluginJar : add tracer_emb
2025-02-05 17:18:33,067 [INFO] IPUIPlugin:80 - create IPUIPlugin
2025-02-05 17:18:33,068 [INFO] PluginManager:220 - loadIPPluginJar : add ts
2025-02-05 17:18:33,103 [INFO] IPUIPlugin:80 - create IPUIPlugin
2025-02-05 17:18:33,105 [INFO] PluginManager:220 - loadIPPluginJar : add tsc
2025-02-05 17:18:33,180 [INFO] IPUIPlugin:80 - create IPUIPlugin
2025-02-05 17:18:33,181 [INFO] PluginManager:220 - loadIPPluginJar : add ucpd
2025-02-05 17:18:33,326 [INFO] IPUIPlugin:80 - create IPUIPlugin
2025-02-05 17:18:33,326 [INFO] PluginManager:220 - loadIPPluginJar : add usart
2025-02-05 17:18:33,472 [INFO] IPUIPlugin:80 - create IPUIPlugin
2025-02-05 17:18:33,472 [INFO] PluginManager:220 - loadIPPluginJar : add usbx
2025-02-05 17:18:33,702 [FATAL] Updater:351 - Updater called before beeing initialized
2025-02-05 17:18:33,738 [INFO] RulesReader:64 - Compatibility file has been processed (297 Rules)
2025-02-05 17:18:33,757 [INFO] RulesReader:64 - Compatibility file has been processed (297 Rules)
2025-02-05 17:18:33,816 [INFO] CADModel:165 - CPN selected for project level
2025-02-05 17:18:33,816 [INFO] CADModel:114 - Register for checkConnection events
2025-02-05 17:18:33,816 [FATAL] Updater:351 - Updater called before beeing initialized
2025-02-05 17:18:33,817 [ERROR] CADModel:125 - Updater not yet initialized, retry later 
2025-02-05 17:18:34,181 [FATAL] Updater:351 - Updater called before beeing initialized
2025-02-05 17:18:34,184 [INFO] CADModel:165 - CPN selected for project level
2025-02-05 17:18:34,184 [INFO] CADModel:114 - Register for checkConnection events
2025-02-05 17:18:34,184 [FATAL] Updater:351 - Updater called before beeing initialized
2025-02-05 17:18:34,184 [ERROR] CADModel:125 - Updater not yet initialized, retry later 
2025-02-05 17:18:34,190 [FATAL] Updater:351 - Updater called before beeing initialized
2025-02-05 17:18:34,476 [FATAL] Updater:351 - Updater called before beeing initialized
2025-02-05 17:18:34,477 [INFO] ThirdPartyUpdaterWithRetryManager:70 - Updater plugin not ready yet. [3/15]
2025-02-05 17:18:34,504 [INFO] DbMcusAds:53 - JSON generation date=Tue Dec 17 11:01:15 EST 2024 (1734451275111)
2025-02-05 17:18:34,504 [FATAL] Updater:351 - Updater called before beeing initialized
2025-02-05 17:18:34,562 [WARN] DetailPanel:346 - Failed to get advertising image, set to default
2025-02-05 17:18:34,888 [FATAL] Updater:351 - Updater called before beeing initialized
2025-02-05 17:18:34,892 [FATAL] Updater:351 - Updater called before beeing initialized
2025-02-05 17:18:34,892 [FATAL] Updater:351 - Updater called before beeing initialized
2025-02-05 17:18:34,893 [WARN] DetailPanel:346 - Failed to get advertising image, set to default
2025-02-05 17:18:34,894 [FATAL] Updater:351 - Updater called before beeing initialized
2025-02-05 17:18:35,027 [ERROR] Updater:1198 - MainUpdater not yet initialized. External WinMGr cannot be set.
2025-02-05 17:18:35,043 [INFO] Updater:1134 - Updater Version found : 6.13.0
2025-02-05 17:18:35,078 [INFO] ApplicationProperties:184 - Using Application install path: C:\ST\STM32CubeIDE_1.17.0\STM32CubeIDE\plugins\com.st.stm32cube.common.mx_6.13.0.202411220809
2025-02-05 17:18:36,718 [ERROR] LogOutputStream:75 - [STDERR_REDIRECT] Feb 05, 2025 5:18:36 PM java.util.prefs.WindowsPreferences <init>
2025-02-05 17:18:36,720 [ERROR] LogOutputStream:75 - [STDERR_REDIRECT] WARNING: Could not open/create prefs root node Software\JavaSoft\Prefs at root 0xffffffff80000002. Windows RegCreateKeyEx(...) returned error code 5.
2025-02-05 17:18:36,722 [ERROR] LogOutputStream:75 - [STDERR_REDIRECT] 
2025-02-05 17:18:37,249 [INFO] MainUpdater:2872 - connection check result : 10
2025-02-05 17:18:37,250 [INFO] MainUpdater:3566 - Updater definition file requires update
2025-02-05 17:18:37,251 [INFO] MainUpdater:289 - Updater Check For Update Now.
2025-02-05 17:18:37,251 [INFO] MicroXplorer:498 - Change Database Version : DB.6.0.130
2025-02-05 17:18:37,275 [INFO] McuFinderGlobals:63 - Set McuFinder mode to 2 (CubeIDE integrated)
2025-02-05 17:18:37,287 [INFO] UserAuth:486 - Internet connection configuration mode: 1
2025-02-05 17:18:37,327 [INFO] JxBrowserEngine:152 - Initiate JxBrowser Engine with user profile folder
2025-02-05 17:18:37,333 [INFO] ServerAccessManage:473 - Download File updaters.zip
2025-02-05 17:18:37,486 [WARN] MainUpdater:1193 - Updater busy. Cannot search thirdparties
2025-02-05 17:18:37,486 [INFO] ThirdPartyUpdaterWithRetryManager:96 - Updater plugin is busy. [1/15]
2025-02-05 17:18:37,489 [INFO] FileExtend:240 - Unzip File : updaters.zip
2025-02-05 17:18:37,490 [INFO] FileExtend:255 - Standard Zip Deflate
2025-02-05 17:18:38,660 [INFO] ServerAccessManage:473 - Download File PacksControlFlags.xml
2025-02-05 17:18:38,873 [INFO] ServerAccessManage:473 - Download File cubemx.pidx
2025-02-05 17:18:39,173 [INFO] LoadServerUpdatesThread:375 - End of LoadServerUpdate Thread
2025-02-05 17:18:39,541 [INFO] CheckServerUpdateThread:120 - End of CheckServer Thread
2025-02-05 17:18:40,006 [INFO] WebApp:168 - Instantiating new browser for Auth
2025-02-05 17:18:41,174 [WARN] PackLoader:240 - Cannot read IP mode file for STMicroelectronics.FP-SNS-MOTENVWB1.1.4.0
2025-02-05 17:18:41,243 [WARN] PackLoader:240 - Cannot read IP mode file for STMicroelectronics.FP-ATR-ASTRA1.2.0.1
2025-02-05 17:18:41,291 [WARN] PackLoader:240 - Cannot read IP mode file for STMicroelectronics.X-CUBE-SMBUS.2.1.0
2025-02-05 17:18:41,342 [WARN] PackLoader:240 - Cannot read IP mode file for STMicroelectronics.X-CUBE-WB05N.1.1.0
2025-02-05 17:18:41,413 [INFO] WebApp:449 - Apply proxy settings
2025-02-05 17:18:41,413 [INFO] WebApp:534 - Chromium requires no authentication
2025-02-05 17:18:41,434 [INFO] WebApp:477 - Direct internet connection detected
2025-02-05 17:18:41,513 [WARN] PackLoader:240 - Cannot read IP mode file for STMicroelectronics.X-CUBE-AZRTOS-F7.1.1.0
2025-02-05 17:18:41,539 [INFO] WebApp:880 - Register for checkConnection events
2025-02-05 17:18:41,540 [INFO] WebApp:449 - Apply proxy settings
2025-02-05 17:18:41,540 [INFO] WebApp:534 - Chromium requires no authentication
2025-02-05 17:18:41,543 [INFO] WebApp:477 - Direct internet connection detected
2025-02-05 17:18:41,922 [WARN] PackLoader:240 - Cannot read IP mode file for STMicroelectronics.X-CUBE-MEMS1.11.0.0
2025-02-05 17:18:42,377 [INFO] WebApp:221 - Starting web application
2025-02-05 17:18:42,378 [INFO] WebApp:579 - Web application path used C:\ST\STM32CubeIDE_1.17.0\STM32CubeIDE\plugins\com.st.stm32cube.common.mx_6.13.0.202411220809\db\plugins\mcufinder\reactClient1\index.html
2025-02-05 17:18:42,779 [INFO] UserAuth:486 - Internet connection configuration mode: 1
2025-02-05 17:18:42,886 [INFO] WebApp:187 - Connection restablished
2025-02-05 17:18:43,372 [WARN] PackLoader:240 - Cannot read IP mode file for STMicroelectronics.FP-SNS-FLIGHT1.5.0.2
2025-02-05 17:18:43,516 [WARN] PackLoader:240 - Cannot read IP mode file for STMicroelectronics.X-CUBE-DISPLAY.3.0.0
2025-02-05 17:18:43,675 [WARN] PackLoader:240 - Cannot read IP mode file for STMicroelectronics.X-CUBE-BLE1.7.0.0
2025-02-05 17:18:43,796 [WARN] PackLoader:240 - Cannot read IP mode file for STMicroelectronics.X-CUBE-NFC10.1.0.0
2025-02-05 17:18:43,906 [WARN] PackLoader:240 - Cannot read IP mode file for STMicroelectronics.X-CUBE-BLEMGR.4.0.0
2025-02-05 17:18:43,977 [WARN] PackLoader:240 - Cannot read IP mode file for emotas.I-CUBE-CANOPEN.1.3.0
2025-02-05 17:18:44,019 [WARN] PackLoader:240 - Cannot read IP mode file for STMicroelectronics.X-CUBE-BLEMGR.3.1.0
2025-02-05 17:18:44,078 [WARN] PackLoader:240 - Cannot read IP mode file for STMicroelectronics.X-CUBE-AI.10.0.0
2025-02-05 17:18:44,127 [WARN] PackLoader:240 - Cannot read IP mode file for STMicroelectronics.FP-SNS-SMARTAG2.1.2.0
2025-02-05 17:18:44,465 [WARN] PackLoader:240 - Cannot read IP mode file for STMicroelectronics.X-CUBE-MEMS1.11.1.0
2025-02-05 17:18:44,661 [INFO] LogOutputStream:77 - [STDOUT_REDIRECT] 1 : Invalid condition id : UX_CORESTACK_Condition cause : null
2025-02-05 17:18:44,663 [INFO] LogOutputStream:77 - [STDOUT_REDIRECT] 1 : Invalid condition id : UX_CORESTACK_Condition cause : null
2025-02-05 17:18:44,666 [INFO] LogOutputStream:77 - [STDOUT_REDIRECT] 1 : Invalid condition id : UX_CORESTACK_Condition cause : null
2025-02-05 17:18:44,668 [INFO] LogOutputStream:77 - [STDOUT_REDIRECT] 1 : Invalid condition id : UX_CORESTACK_Condition cause : null
2025-02-05 17:18:44,669 [INFO] LogOutputStream:77 - [STDOUT_REDIRECT] 1 : Invalid condition id : UX_CORESTACK_Condition cause : null
2025-02-05 17:18:44,673 [WARN] PackLoader:240 - Cannot read IP mode file for STMicroelectronics.X-CUBE-AZRTOS-WL.2.0.0
2025-02-05 17:18:44,700 [WARN] PackLoader:240 - Cannot read IP mode file for STMicroelectronics.FP-SNS-MOTENV1.5.0.0
2025-02-05 17:18:44,721 [WARN] PackLoader:240 - Cannot read IP mode file for wolfSSL.I-CUBE-wolfMQTT.1.19.0
2025-02-05 17:18:44,747 [WARN] PackLoader:240 - Cannot read IP mode file for WES.I-CUBE-Cesium.1.3.0
2025-02-05 17:18:44,771 [WARN] PackLoader:240 - Cannot read IP mode file for STMicroelectronics.X-CUBE-BLE2.3.3.0
2025-02-05 17:18:44,798 [WARN] PackLoader:240 - Cannot read IP mode file for STMicroelectronics.X-CUBE-NFC9.1.0.0
2025-02-05 17:18:44,824 [WARN] PackLoader:240 - Cannot read IP mode file for STMicroelectronics.X-CUBE-TCPP.4.1.0
2025-02-05 17:18:44,866 [WARN] PackLoader:240 - Cannot read IP mode file for STMicroelectronics.X-CUBE-AZRTOS-G0.1.1.0
2025-02-05 17:18:44,896 [WARN] PackLoader:240 - Cannot read IP mode file for STMicroelectronics.X-CUBE-SAFEA1.1.2.2
2025-02-05 17:18:44,919 [WARN] PackLoader:240 - Cannot read IP mode file for STMicroelectronics.X-CUBE-NFC4.3.0.0
2025-02-05 17:18:44,948 [WARN] PackLoader:240 - Cannot read IP mode file for EmbeddedOffice.I-CUBE-FS-RTOS.1.0.1
2025-02-05 17:18:44,975 [WARN] PackLoader:240 - Cannot read IP mode file for STMicroelectronics.X-CUBE-TCPP.4.2.0
2025-02-05 17:18:44,999 [WARN] PackLoader:240 - Cannot read IP mode file for RealThread.X-CUBE-RT-Thread_Nano.4.1.1
2025-02-05 17:18:45,017 [WARN] PackLoader:240 - Cannot read IP mode file for STMicroelectronics.FP-ATR-SIGFOX1.3.2.0
2025-02-05 17:18:45,033 [WARN] PackLoader:240 - Cannot read IP mode file for wolfSSL.I-CUBE-wolfSSL.5.7.2
2025-02-05 17:18:45,048 [WARN] ConditionMgr:438 - getConditionDescription Invalid condition id : Cortex-A Device cause : null
2025-02-05 17:18:45,074 [WARN] ConditionMgr:1044 - genDependencies : Invalid condition id : Cortex-A Device cause : null
2025-02-05 17:18:45,075 [WARN] ConditionMgr:1044 - genDependencies : Invalid condition id : Cortex-A Device cause : null
2025-02-05 17:18:45,075 [WARN] ConditionMgr:1044 - genDependencies : Invalid condition id : Cortex-A Device cause : null
2025-02-05 17:18:45,095 [WARN] PackLoader:240 - Cannot read IP mode file for STMicroelectronics.X-CUBE-EEPRMA1.5.1.0
2025-02-05 17:18:45,119 [WARN] PackLoader:240 - Cannot read IP mode file for ITTIA_DB.I-CUBE-ITTIADB.8.9.0
2025-02-05 17:18:45,162 [WARN] PackLoader:240 - Cannot read IP mode file for SEGGER.I-CUBE-embOS.1.3.1
2025-02-05 17:18:45,198 [WARN] PackLoader:240 - Cannot read IP mode file for STMicroelectronics.X-CUBE-ALGOBUILD.1.4.0
2025-02-05 17:18:45,214 [WARN] PackLoader:240 - Cannot read IP mode file for STMicroelectronics.X-CUBE-AI.9.1.0
2025-02-05 17:18:45,241 [WARN] PackLoader:240 - Cannot read IP mode file for STMicroelectronics.X-CUBE-AZRTOS-F4.1.1.0
2025-02-05 17:18:45,257 [WARN] PackLoader:240 - Cannot read IP mode file for STMicroelectronics.X-CUBE-ISPU.2.1.0
2025-02-05 17:18:45,273 [WARN] PackLoader:240 - Cannot read IP mode file for STMicroelectronics.X-CUBE-FREERTOS.1.2.0
2025-02-05 17:18:45,300 [WARN] PackLoader:240 - Cannot read IP mode file for STMicroelectronics.X-CUBE-AZRTOS-L5.2.0.0
2025-02-05 17:18:45,319 [WARN] PackLoader:240 - Cannot read IP mode file for STMicroelectronics.X-CUBE-NFC6.3.1.0
2025-02-05 17:18:45,336 [WARN] PackLoader:240 - Cannot read IP mode file for STMicroelectronics.X-CUBE-DPower.1.2.0
2025-02-05 17:18:45,351 [WARN] PackLoader:240 - Cannot read IP mode file for STMicroelectronics.X-CUBE-FREERTOS.1.3.0
2025-02-05 17:18:45,374 [WARN] PackLoader:240 - Cannot read IP mode file for STMicroelectronics.X-CUBE-NFC7.1.0.1
2025-02-05 17:18:45,415 [WARN] ConditionMgr:438 - getConditionDescription Invalid condition id : LAN8742 Phy interface Condition cause : null
2025-02-05 17:18:45,415 [WARN] PackLoader:240 - Cannot read IP mode file for STMicroelectronics.X-CUBE-AZRTOS-L4.2.0.0
2025-02-05 17:18:45,417 [WARN] ConditionMgr:1044 - genDependencies : Invalid condition id : LAN8742 Phy interface Condition cause : null
2025-02-05 17:18:45,417 [WARN] ConditionMgr:1044 - genDependencies : Invalid condition id : LAN8742 Phy interface Condition cause : null
2025-02-05 17:18:45,418 [WARN] ConditionMgr:1044 - genDependencies : Invalid condition id : LAN8742 Phy interface Condition cause : null
2025-02-05 17:18:45,446 [WARN] PackLoader:240 - Cannot read IP mode file for STMicroelectronics.X-CUBE-SFXS2LP1.4.0.0
2025-02-05 17:18:45,488 [WARN] PackLoader:240 - Cannot read IP mode file for STMicroelectronics.X-CUBE-AZRTOS-H7.3.3.0
2025-02-05 17:18:45,517 [WARN] PackLoader:240 - Cannot read IP mode file for STMicroelectronics.X-CUBE-IPS.3.0.0
2025-02-05 17:18:45,552 [WARN] ConditionMgr:438 - getConditionDescription Invalid condition id : UX DEVICE CLASS RTOS Condition cause : null
2025-02-05 17:18:45,552 [WARN] ConditionMgr:438 - getConditionDescription Invalid condition id : UX DEVICE CLASS RTOS Condition cause : null
2025-02-05 17:18:45,554 [WARN] PackLoader:240 - Cannot read IP mode file for STMicroelectronics.X-CUBE-AZRTOS-WB.2.0.0
2025-02-05 17:18:45,556 [WARN] ConditionMgr:1044 - genDependencies : Invalid condition id : UX DEVICE CLASS RTOS Condition cause : null
2025-02-05 17:18:45,556 [WARN] ConditionMgr:1044 - genDependencies : Invalid condition id : UX DEVICE CLASS RTOS Condition cause : null
2025-02-05 17:18:45,556 [WARN] ConditionMgr:1044 - genDependencies : Invalid condition id : UX DEVICE CLASS RTOS Condition cause : null
2025-02-05 17:18:45,557 [WARN] ConditionMgr:1044 - genDependencies : Invalid condition id : UX DEVICE CLASS RTOS Condition cause : null
2025-02-05 17:18:45,557 [WARN] ConditionMgr:1044 - genDependencies : Invalid condition id : UX DEVICE CLASS RTOS Condition cause : null
2025-02-05 17:18:45,579 [WARN] PackLoader:240 - Cannot read IP mode file for STMicroelectronics.X-CUBE-GNSS1.7.0.0
2025-02-05 17:18:45,605 [WARN] PackLoader:240 - Cannot read IP mode file for STMicroelectronics.X-CUBE-GNSS1.7.0.1
2025-02-05 17:18:45,627 [WARN] PackLoader:240 - Cannot read IP mode file for STMicroelectronics.FP-SNS-STBOX1.2.0.0
2025-02-05 17:18:45,654 [WARN] PackLoader:240 - Cannot read IP mode file for STMicroelectronics.X-CUBE-SUBG2.5.0.0
2025-02-05 17:18:45,681 [WARN] PackLoader:240 - Cannot read IP mode file for Cesanta.I-CUBE-Mongoose.7.13.0
2025-02-05 17:18:45,719 [WARN] PackLoader:240 - Cannot read IP mode file for STMicroelectronics.X-CUBE-AZRTOS-G4.2.0.0
2025-02-05 17:18:45,797 [WARN] PackLoader:240 - Cannot read IP mode file for STMicroelectronics.X-CUBE-IPS.3.1.0
2025-02-05 17:18:45,838 [WARN] PackLoader:240 - Cannot read IP mode file for STMicroelectronics.X-CUBE-ALS.1.0.2
2025-02-05 17:18:45,876 [WARN] PackLoader:240 - Cannot read IP mode file for STMicroelectronics.X-CUBE-TOUCHGFX.4.24.2
2025-02-05 17:18:45,913 [WARN] PackLoader:240 - Cannot read IP mode file for STMicroelectronics.X-CUBE-TOUCHGFX.4.24.1
2025-02-05 17:18:45,941 [WARN] PackLoader:240 - Cannot read IP mode file for wolfSSL.I-CUBE-wolfTPM.3.4.0
2025-02-05 17:18:45,967 [WARN] PackLoader:240 - Cannot read IP mode file for portGmbH.I-Cube-SoM-uGOAL.1.1.0
2025-02-05 17:18:46,019 [WARN] PackLoader:240 - Cannot read IP mode file for STMicroelectronics.X-CUBE-AZRTOS-H7RS.1.0.0
2025-02-05 17:18:46,055 [WARN] PackLoader:240 - Cannot read IP mode file for STMicroelectronics.FP-ATR-ASTRA1.2.0.0
2025-02-05 17:18:46,091 [WARN] PackLoader:240 - Cannot read IP mode file for STMicroelectronics.X-CUBE-TOF1.3.4.2
2025-02-05 17:18:46,169 [WARN] PackLoader:240 - Cannot read IP mode file for Infineon.AIROC-Wi-Fi-Bluetooth-STM32.1.6.1
2025-02-05 17:18:46,206 [WARN] PackLoader:240 - Cannot read IP mode file for wolfSSL.I-CUBE-wolfSSH.1.4.17
2025-02-05 17:18:46,207 [INFO] ThirdParty:978 - Integrity check success = true
2025-02-05 17:18:46,208 [INFO] IntegrityCheckThread:100 - exiting critical section [integrity check]
2025-02-05 17:18:46,208 [INFO] IntegrityCheckThread:103 - End integrity checks thread
